android/app/build/intermediates/manifest_merge_blame_file/debug/processDebugMainManifest/manifest-merger-blame-debug-report.txt
1<?xml version="1.0" encoding="utf-8"?>
2<manifest xmlns:android="http://schemas.android.com/apk/res/android"
3    package="com.vfstr.cse"
4    android:versionCode="1"
5    android:versionName="1.0.0" >
6
7    <uses-sdk
8        android:minSdkVersion="24"
9        android:targetSdkVersion="35" />
10
11    <!-- Permissions -->
12    <uses-permission android:name="android.permission.INTERNET" />
12-->src\main\AndroidManifest.xml:6:5-67
12-->src\main\AndroidManifest.xml:6:22-64
13    <uses-permission android:name="android.permission.ACCESS_NETWORK_STATE" />
13-->src\main\AndroidManifest.xml:7:5-79
13-->src\main\AndroidManifest.xml:7:22-76
14    <uses-permission
14-->src\main\AndroidManifest.xml:8:5-9:38
15        android:name="android.permission.READ_EXTERNAL_STORAGE"
15-->src\main\AndroidManifest.xml:8:22-77
16        android:maxSdkVersion="32" />
16-->src\main\AndroidManifest.xml:9:9-35
17    <uses-permission
17-->src\main\AndroidManifest.xml:10:5-12:40
18        android:name="android.permission.WRITE_EXTERNAL_STORAGE"
18-->src\main\AndroidManifest.xml:10:22-78
19        android:maxSdkVersion="28" />
19-->src\main\AndroidManifest.xml:11:9-35
20    <uses-permission android:name="android.permission.READ_MEDIA_IMAGES" />
20-->src\main\AndroidManifest.xml:13:5-76
20-->src\main\AndroidManifest.xml:13:22-73
21    <uses-permission android:name="android.permission.READ_MEDIA_VIDEO" />
21-->src\main\AndroidManifest.xml:14:5-75
21-->src\main\AndroidManifest.xml:14:22-72
22    <uses-permission android:name="android.permission.POST_NOTIFICATIONS" />
22-->src\main\AndroidManifest.xml:15:5-77
22-->src\main\AndroidManifest.xml:15:22-74
23    <uses-permission android:name="android.permission.CAMERA" />
23-->src\main\AndroidManifest.xml:16:5-65
23-->src\main\AndroidManifest.xml:16:22-62
24    <uses-permission android:name="android.permission.VIBRATE" />
24-->src\main\AndroidManifest.xml:17:5-66
24-->src\main\AndroidManifest.xml:17:22-63
25    <uses-permission android:name="android.permission.RECEIVE_BOOT_COMPLETED" />
25-->src\main\AndroidManifest.xml:18:5-81
25-->src\main\AndroidManifest.xml:18:22-78
26    <uses-permission android:name="android.permission.FOREGROUND_SERVICE" />
26-->src\main\AndroidManifest.xml:19:5-77
26-->src\main\AndroidManifest.xml:19:22-74
27    <uses-permission android:name="android.permission.SCHEDULE_EXACT_ALARM" />
27-->src\main\AndroidManifest.xml:20:5-79
27-->src\main\AndroidManifest.xml:20:22-76
28    <uses-permission android:name="android.permission.WAKE_LOCK" /> <!-- Required by older versions of Google Play services to create IID tokens -->
28-->[androidx.work:work-runtime:2.10.0] AndroidManifest.xml:23:5-68
28-->[androidx.work:work-runtime:2.10.0] AndroidManifest.xml:23:22-65
29    <uses-permission android:name="com.google.android.c2dm.permission.RECEIVE" />
29-->[com.google.firebase:firebase-messaging:24.1.0] AndroidManifest.xml:26:5-82
29-->[com.google.firebase:firebase-messaging:24.1.0] AndroidManifest.xml:26:22-79
30    <uses-permission android:name="com.google.android.finsky.permission.BIND_GET_INSTALL_REFERRER_SERVICE" />
30-->[com.google.android.gms:play-services-measurement:22.1.2] AndroidManifest.xml:26:5-110
30-->[com.google.android.gms:play-services-measurement:22.1.2] AndroidManifest.xml:26:22-107
31    <uses-permission android:name="com.google.android.gms.permission.AD_ID" />
31-->[com.google.android.gms:play-services-measurement-api:22.1.2] AndroidManifest.xml:25:5-79
31-->[com.google.android.gms:play-services-measurement-api:22.1.2] AndroidManifest.xml:25:22-76
32    <uses-permission android:name="android.permission.ACCESS_ADSERVICES_ATTRIBUTION" />
32-->[com.google.android.gms:play-services-measurement-api:22.1.2] AndroidManifest.xml:26:5-88
32-->[com.google.android.gms:play-services-measurement-api:22.1.2] AndroidManifest.xml:26:22-85
33    <uses-permission android:name="android.permission.ACCESS_ADSERVICES_AD_ID" />
33-->[com.google.android.gms:play-services-measurement-api:22.1.2] AndroidManifest.xml:27:5-82
33-->[com.google.android.gms:play-services-measurement-api:22.1.2] AndroidManifest.xml:27:22-79
34
35    <permission
35-->[androidx.core:core:1.15.0] AndroidManifest.xml:22:5-24:47
36        android:name="com.vfstr.cse.DYNAMIC_RECEIVER_NOT_EXPORTED_PERMISSION"
36-->[androidx.core:core:1.15.0] AndroidManifest.xml:23:9-81
37        android:protectionLevel="signature" />
37-->[androidx.core:core:1.15.0] AndroidManifest.xml:24:9-44
38
39    <uses-permission android:name="com.vfstr.cse.DYNAMIC_RECEIVER_NOT_EXPORTED_PERMISSION" />
39-->[androidx.core:core:1.15.0] AndroidManifest.xml:26:5-97
39-->[androidx.core:core:1.15.0] AndroidManifest.xml:26:22-94
40
41    <application
41-->src\main\AndroidManifest.xml:22:5-108:19
42        android:name="com.csehub.app.CSEHubApp"
42-->src\main\AndroidManifest.xml:23:9-34
43        android:allowBackup="true"
43-->src\main\AndroidManifest.xml:24:9-35
44        android:appComponentFactory="androidx.core.app.CoreComponentFactory"
44-->[androidx.core:core:1.15.0] AndroidManifest.xml:28:18-86
45        android:debuggable="true"
46        android:extractNativeLibs="false"
47        android:icon="@drawable/ic_logo"
47-->src\main\AndroidManifest.xml:25:9-41
48        android:label="@string/app_name"
48-->src\main\AndroidManifest.xml:26:9-41
49        android:networkSecurityConfig="@xml/network_security_config"
49-->src\main\AndroidManifest.xml:30:9-69
50        android:roundIcon="@drawable/ic_logo"
50-->src\main\AndroidManifest.xml:27:9-46
51        android:supportsRtl="true"
51-->src\main\AndroidManifest.xml:28:9-35
52        android:theme="@style/Theme.CSEHub"
52-->src\main\AndroidManifest.xml:29:9-44
53        android:usesCleartextTraffic="true" >
53-->src\main\AndroidManifest.xml:31:9-44
54
55        <!-- Splash Screen -->
56        <activity
56-->src\main\AndroidManifest.xml:35:9-48:20
57            android:name="com.csehub.app.auth.ui.SplashActivity"
57-->src\main\AndroidManifest.xml:36:13-51
58            android:exported="true"
58-->src\main\AndroidManifest.xml:37:13-36
59            android:theme="@style/Theme.CSEHub.Splash" >
59-->src\main\AndroidManifest.xml:38:13-55
60            <intent-filter>
60-->src\main\AndroidManifest.xml:39:13-42:29
61                <action android:name="android.intent.action.MAIN" />
61-->src\main\AndroidManifest.xml:40:17-69
61-->src\main\AndroidManifest.xml:40:25-66
62
63                <category android:name="android.intent.category.LAUNCHER" />
63-->src\main\AndroidManifest.xml:41:17-77
63-->src\main\AndroidManifest.xml:41:27-74
64            </intent-filter>
65
66            <!-- App Shortcuts -->
67            <meta-data
67-->src\main\AndroidManifest.xml:45:13-47:53
68                android:name="android.app.shortcuts"
68-->src\main\AndroidManifest.xml:46:17-53
69                android:resource="@xml/shortcuts" />
69-->src\main\AndroidManifest.xml:47:17-50
70        </activity>
71
72        <!-- Auth Activities -->
73        <activity
73-->src\main\AndroidManifest.xml:51:9-52:58
74            android:name="com.csehub.app.auth.ui.LoginActivity"
74-->src\main\AndroidManifest.xml:51:19-56
75            android:windowSoftInputMode="adjustResize" />
75-->src\main\AndroidManifest.xml:52:13-55
76        <activity android:name="com.csehub.app.auth.ui.ForgotPasswordActivity" />
76-->src\main\AndroidManifest.xml:53:9-68
76-->src\main\AndroidManifest.xml:53:19-65
77        <activity android:name="com.csehub.app.auth.ui.ChangePasswordActivity" />
77-->src\main\AndroidManifest.xml:54:9-68
77-->src\main\AndroidManifest.xml:54:19-65
78
79        <!-- Main Activity (Dashboard + Navigation) -->
80        <activity
80-->src\main\AndroidManifest.xml:57:9-60:46
81            android:name="com.csehub.app.dashboard.ui.MainActivity"
81-->src\main\AndroidManifest.xml:58:13-54
82            android:launchMode="singleTop"
82-->src\main\AndroidManifest.xml:60:13-43
83            android:windowSoftInputMode="adjustPan" />
83-->src\main\AndroidManifest.xml:59:13-52
84
85        <!-- Feature Activities -->
86        <activity android:name="com.csehub.app.notification.ui.CreateNotificationActivity" />
86-->src\main\AndroidManifest.xml:63:9-80
86-->src\main\AndroidManifest.xml:63:19-77
87        <activity android:name="com.csehub.app.notification.ui.NotificationDetailActivity" />
87-->src\main\AndroidManifest.xml:64:9-80
87-->src\main\AndroidManifest.xml:64:19-77
88        <activity android:name="com.csehub.app.event.ui.CreateEventActivity" />
88-->src\main\AndroidManifest.xml:65:9-66
88-->src\main\AndroidManifest.xml:65:19-63
89        <activity android:name="com.csehub.app.event.ui.EventDetailActivity" />
89-->src\main\AndroidManifest.xml:66:9-66
89-->src\main\AndroidManifest.xml:66:19-63
90        <activity android:name="com.csehub.app.file.ui.FilePreviewActivity" />
90-->src\main\AndroidManifest.xml:67:9-65
90-->src\main\AndroidManifest.xml:67:19-62
91        <activity android:name="com.csehub.app.file.ui.FileUploadActivity" />
91-->src\main\AndroidManifest.xml:68:9-64
91-->src\main\AndroidManifest.xml:68:19-61
92        <activity android:name="com.csehub.app.gallery.ui.ImageViewerActivity" />
92-->src\main\AndroidManifest.xml:69:9-68
92-->src\main\AndroidManifest.xml:69:19-65
93        <activity android:name="com.csehub.app.gallery.ui.GalleryUploadActivity" />
93-->src\main\AndroidManifest.xml:70:9-70
93-->src\main\AndroidManifest.xml:70:19-67
94        <activity android:name="com.csehub.app.profile.ui.EditProfileActivity" />
94-->src\main\AndroidManifest.xml:71:9-68
94-->src\main\AndroidManifest.xml:71:19-65
95
96        <!-- FCM Service -->
97        <service
97-->src\main\AndroidManifest.xml:74:9-80:19
98            android:name="com.csehub.app.core.fcm.CSEHubFCMService"
98-->src\main\AndroidManifest.xml:75:13-54
99            android:exported="false" >
99-->src\main\AndroidManifest.xml:76:13-37
100            <intent-filter>
100-->src\main\AndroidManifest.xml:77:13-79:29
101                <action android:name="com.google.firebase.MESSAGING_EVENT" />
101-->src\main\AndroidManifest.xml:78:17-78
101-->src\main\AndroidManifest.xml:78:25-75
102            </intent-filter>
103        </service>
104
105        <!-- FCM Default Channel -->
106        <meta-data
106-->src\main\AndroidManifest.xml:83:9-85:53
107            android:name="com.google.firebase.messaging.default_notification_channel_id"
107-->src\main\AndroidManifest.xml:84:13-89
108            android:value="cse_hub_notifications" />
108-->src\main\AndroidManifest.xml:85:13-50
109
110        <!-- FCM Default Icon -->
111        <meta-data
111-->src\main\AndroidManifest.xml:88:9-90:60
112            android:name="com.google.firebase.messaging.default_notification_icon"
112-->src\main\AndroidManifest.xml:89:13-83
113            android:resource="@drawable/ic_notification" />
113-->src\main\AndroidManifest.xml:90:13-57
114
115        <!-- FCM Default Color -->
116        <meta-data
116-->src\main\AndroidManifest.xml:93:9-95:49
117            android:name="com.google.firebase.messaging.default_notification_color"
117-->src\main\AndroidManifest.xml:94:13-84
118            android:resource="@color/primary" />
118-->src\main\AndroidManifest.xml:95:13-46
119
120        <!-- File Provider for sharing -->
121        <provider
122            android:name="androidx.core.content.FileProvider"
122-->src\main\AndroidManifest.xml:99:13-62
123            android:authorities="com.vfstr.cse.fileprovider"
123-->src\main\AndroidManifest.xml:100:13-64
124            android:exported="false"
124-->src\main\AndroidManifest.xml:101:13-37
125            android:grantUriPermissions="true" >
125-->src\main\AndroidManifest.xml:102:13-47
126            <meta-data
126-->src\main\AndroidManifest.xml:103:13-105:54
127                android:name="android.support.FILE_PROVIDER_PATHS"
127-->src\main\AndroidManifest.xml:104:17-67
128                android:resource="@xml/file_paths" />
128-->src\main\AndroidManifest.xml:105:17-51
129        </provider>
130        <provider
130-->[androidx.work:work-runtime:2.10.0] AndroidManifest.xml:29:9-37:20
131            android:name="androidx.startup.InitializationProvider"
131-->[androidx.work:work-runtime:2.10.0] AndroidManifest.xml:30:13-67
132            android:authorities="com.vfstr.cse.androidx-startup"
132-->[androidx.work:work-runtime:2.10.0] AndroidManifest.xml:31:13-68
133            android:exported="false" >
133-->[androidx.work:work-runtime:2.10.0] AndroidManifest.xml:32:13-37
134            <meta-data
134-->[androidx.work:work-runtime:2.10.0] AndroidManifest.xml:34:13-36:52
135                android:name="androidx.work.WorkManagerInitializer"
135-->[androidx.work:work-runtime:2.10.0] AndroidManifest.xml:35:17-68
136                android:value="androidx.startup" />
136-->[androidx.work:work-runtime:2.10.0] AndroidManifest.xml:36:17-49
137            <meta-data
137-->[androidx.emoji2:emoji2:1.3.0] AndroidManifest.xml:29:13-31:52
138                android:name="androidx.emoji2.text.EmojiCompatInitializer"
138-->[androidx.emoji2:emoji2:1.3.0] AndroidManifest.xml:30:17-75
139                android:value="androidx.startup" />
139-->[androidx.emoji2:emoji2:1.3.0] AndroidManifest.xml:31:17-49
140            <meta-data
140-->[androidx.lifecycle:lifecycle-process:2.8.7] AndroidManifest.xml:29:13-31:52
141                android:name="androidx.lifecycle.ProcessLifecycleInitializer"
141-->[androidx.lifecycle:lifecycle-process:2.8.7] AndroidManifest.xml:30:17-78
142                android:value="androidx.startup" />
142-->[androidx.lifecycle:lifecycle-process:2.8.7] AndroidManifest.xml:31:17-49
143            <meta-data
143-->[androidx.profileinstaller:profileinstaller:1.4.0] AndroidManifest.xml:29:13-31:52
144                android:name="androidx.profileinstaller.ProfileInstallerInitializer"
144-->[androidx.profileinstaller:profileinstaller:1.4.0] AndroidManifest.xml:30:17-85
145                android:value="androidx.startup" />
145-->[androidx.profileinstaller:profileinstaller:1.4.0] AndroidManifest.xml:31:17-49
146        </provider>
147
148        <service
148-->[androidx.work:work-runtime:2.10.0] AndroidManifest.xml:39:9-45:35
149            android:name="androidx.work.impl.background.systemalarm.SystemAlarmService"
149-->[androidx.work:work-runtime:2.10.0] AndroidManifest.xml:40:13-88
150            android:directBootAware="false"
150-->[androidx.work:work-runtime:2.10.0] AndroidManifest.xml:41:13-44
151            android:enabled="@bool/enable_system_alarm_service_default"
151-->[androidx.work:work-runtime:2.10.0] AndroidManifest.xml:42:13-72
152            android:exported="false" />
152-->[androidx.work:work-runtime:2.10.0] AndroidManifest.xml:43:13-37
153        <service
153-->[androidx.work:work-runtime:2.10.0] AndroidManifest.xml:46:9-52:35
154            android:name="androidx.work.impl.background.systemjob.SystemJobService"
154-->[androidx.work:work-runtime:2.10.0] AndroidManifest.xml:47:13-84
155            android:directBootAware="false"
155-->[androidx.work:work-runtime:2.10.0] AndroidManifest.xml:48:13-44
156            android:enabled="@bool/enable_system_job_service_default"
156-->[androidx.work:work-runtime:2.10.0] AndroidManifest.xml:49:13-70
157            android:exported="true"
157-->[androidx.work:work-runtime:2.10.0] AndroidManifest.xml:50:13-36
158            android:permission="android.permission.BIND_JOB_SERVICE" />
158-->[androidx.work:work-runtime:2.10.0] AndroidManifest.xml:51:13-69
159        <service
159-->[androidx.work:work-runtime:2.10.0] AndroidManifest.xml:53:9-59:35
160            android:name="androidx.work.impl.foreground.SystemForegroundService"
160-->[androidx.work:work-runtime:2.10.0] AndroidManifest.xml:54:13-81
161            android:directBootAware="false"
161-->[androidx.work:work-runtime:2.10.0] AndroidManifest.xml:55:13-44
162            android:enabled="@bool/enable_system_foreground_service_default"
162-->[androidx.work:work-runtime:2.10.0] AndroidManifest.xml:56:13-77
163            android:exported="false" />
163-->[androidx.work:work-runtime:2.10.0] AndroidManifest.xml:57:13-37
164
165        <receiver
165-->[androidx.work:work-runtime:2.10.0] AndroidManifest.xml:61:9-66:35
166            android:name="androidx.work.impl.utils.ForceStopRunnable$BroadcastReceiver"
166-->[androidx.work:work-runtime:2.10.0] AndroidManifest.xml:62:13-88
167            android:directBootAware="false"
167-->[androidx.work:work-runtime:2.10.0] AndroidManifest.xml:63:13-44
168            android:enabled="true"
168-->[androidx.work:work-runtime:2.10.0] AndroidManifest.xml:64:13-35
169            android:exported="false" />
169-->[androidx.work:work-runtime:2.10.0] AndroidManifest.xml:65:13-37
170        <receiver
170-->[androidx.work:work-runtime:2.10.0] AndroidManifest.xml:67:9-77:20
171            android:name="androidx.work.impl.background.systemalarm.ConstraintProxy$BatteryChargingProxy"
171-->[androidx.work:work-runtime:2.10.0] AndroidManifest.xml:68:13-106
172            android:directBootAware="false"
172-->[androidx.work:work-runtime:2.10.0] AndroidManifest.xml:69:13-44
173            android:enabled="false"
173-->[androidx.work:work-runtime:2.10.0] AndroidManifest.xml:70:13-36
174            android:exported="false" >
174-->[androidx.work:work-runtime:2.10.0] AndroidManifest.xml:71:13-37
175            <intent-filter>
175-->[androidx.work:work-runtime:2.10.0] AndroidManifest.xml:73:13-76:29
176                <action android:name="android.intent.action.ACTION_POWER_CONNECTED" />
176-->[androidx.work:work-runtime:2.10.0] AndroidManifest.xml:74:17-87
176-->[androidx.work:work-runtime:2.10.0] AndroidManifest.xml:74:25-84
177                <action android:name="android.intent.action.ACTION_POWER_DISCONNECTED" />
177-->[androidx.work:work-runtime:2.10.0] AndroidManifest.xml:75:17-90
177-->[androidx.work:work-runtime:2.10.0] AndroidManifest.xml:75:25-87
178            </intent-filter>
179        </receiver>
180        <receiver
180-->[androidx.work:work-runtime:2.10.0] AndroidManifest.xml:78:9-88:20
181            android:name="androidx.work.impl.background.systemalarm.ConstraintProxy$BatteryNotLowProxy"
181-->[androidx.work:work-runtime:2.10.0] AndroidManifest.xml:79:13-104
182            android:directBootAware="false"
182-->[androidx.work:work-runtime:2.10.0] AndroidManifest.xml:80:13-44
183            android:enabled="false"
183-->[androidx.work:work-runtime:2.10.0] AndroidManifest.xml:81:13-36
184            android:exported="false" >
184-->[androidx.work:work-runtime:2.10.0] AndroidManifest.xml:82:13-37
185            <intent-filter>
185-->[androidx.work:work-runtime:2.10.0] AndroidManifest.xml:84:13-87:29
186                <action android:name="android.intent.action.BATTERY_OKAY" />
186-->[androidx.work:work-runtime:2.10.0] AndroidManifest.xml:85:17-77
186-->[androidx.work:work-runtime:2.10.0] AndroidManifest.xml:85:25-74
187                <action android:name="android.intent.action.BATTERY_LOW" />
187-->[androidx.work:work-runtime:2.10.0] AndroidManifest.xml:86:17-76
187-->[androidx.work:work-runtime:2.10.0] AndroidManifest.xml:86:25-73
188            </intent-filter>
189        </receiver>
190        <receiver
190-->[androidx.work:work-runtime:2.10.0] AndroidManifest.xml:89:9-99:20
191            android:name="androidx.work.impl.background.systemalarm.ConstraintProxy$StorageNotLowProxy"
191-->[androidx.work:work-runtime:2.10.0] AndroidManifest.xml:90:13-104
192            android:directBootAware="false"
192-->[androidx.work:work-runtime:2.10.0] AndroidManifest.xml:91:13-44
193            android:enabled="false"
193-->[androidx.work:work-runtime:2.10.0] AndroidManifest.xml:92:13-36
194            android:exported="false" >
194-->[androidx.work:work-runtime:2.10.0] AndroidManifest.xml:93:13-37
195            <intent-filter>
195-->[androidx.work:work-runtime:2.10.0] AndroidManifest.xml:95:13-98:29
196                <action android:name="android.intent.action.DEVICE_STORAGE_LOW" />
196-->[androidx.work:work-runtime:2.10.0] AndroidManifest.xml:96:17-83
196-->[androidx.work:work-runtime:2.10.0] AndroidManifest.xml:96:25-80
197                <action android:name="android.intent.action.DEVICE_STORAGE_OK" />
197-->[androidx.work:work-runtime:2.10.0] AndroidManifest.xml:97:17-82
197-->[androidx.work:work-runtime:2.10.0] AndroidManifest.xml:97:25-79
198            </intent-filter>
199        </receiver>
200        <receiver
200-->[androidx.work:work-runtime:2.10.0] AndroidManifest.xml:100:9-109:20
201            android:name="androidx.work.impl.background.systemalarm.ConstraintProxy$NetworkStateProxy"
201-->[androidx.work:work-runtime:2.10.0] AndroidManifest.xml:101:13-103
202            android:directBootAware="false"
202-->[androidx.work:work-runtime:2.10.0] AndroidManifest.xml:102:13-44
203            android:enabled="false"
203-->[androidx.work:work-runtime:2.10.0] AndroidManifest.xml:103:13-36
204            android:exported="false" >
204-->[androidx.work:work-runtime:2.10.0] AndroidManifest.xml:104:13-37
205            <intent-filter>
205-->[androidx.work:work-runtime:2.10.0] AndroidManifest.xml:106:13-108:29
206                <action android:name="android.net.conn.CONNECTIVITY_CHANGE" />
206-->[androidx.work:work-runtime:2.10.0] AndroidManifest.xml:107:17-79
206-->[androidx.work:work-runtime:2.10.0] AndroidManifest.xml:107:25-76
207            </intent-filter>
208        </receiver>
209        <receiver
209-->[androidx.work:work-runtime:2.10.0] AndroidManifest.xml:110:9-121:20
210            android:name="androidx.work.impl.background.systemalarm.RescheduleReceiver"
210-->[androidx.work:work-runtime:2.10.0] AndroidManifest.xml:111:13-88
211            android:directBootAware="false"
211-->[androidx.work:work-runtime:2.10.0] AndroidManifest.xml:112:13-44
212            android:enabled="false"
212-->[androidx.work:work-runtime:2.10.0] AndroidManifest.xml:113:13-36
213            android:exported="false" >
213-->[androidx.work:work-runtime:2.10.0] AndroidManifest.xml:114:13-37
214            <intent-filter>
214-->[androidx.work:work-runtime:2.10.0] AndroidManifest.xml:116:13-120:29
215                <action android:name="android.intent.action.BOOT_COMPLETED" />
215-->[androidx.work:work-runtime:2.10.0] AndroidManifest.xml:117:17-79
215-->[androidx.work:work-runtime:2.10.0] AndroidManifest.xml:117:25-76
216                <action android:name="android.intent.action.TIME_SET" />
216-->[androidx.work:work-runtime:2.10.0] AndroidManifest.xml:118:17-73
216-->[androidx.work:work-runtime:2.10.0] AndroidManifest.xml:118:25-70
217                <action android:name="android.intent.action.TIMEZONE_CHANGED" />
217-->[androidx.work:work-runtime:2.10.0] AndroidManifest.xml:119:17-81
217-->[androidx.work:work-runtime:2.10.0] AndroidManifest.xml:119:25-78
218            </intent-filter>
219        </receiver>
220        <receiver
220-->[androidx.work:work-runtime:2.10.0] AndroidManifest.xml:122:9-131:20
221            android:name="androidx.work.impl.background.systemalarm.ConstraintProxyUpdateReceiver"
221-->[androidx.work:work-runtime:2.10.0] AndroidManifest.xml:123:13-99
222            android:directBootAware="false"
222-->[androidx.work:work-runtime:2.10.0] AndroidManifest.xml:124:13-44
223            android:enabled="@bool/enable_system_alarm_service_default"
223-->[androidx.work:work-runtime:2.10.0] AndroidManifest.xml:125:13-72
224            android:exported="false" >
224-->[androidx.work:work-runtime:2.10.0] AndroidManifest.xml:126:13-37
225            <intent-filter>
225-->[androidx.work:work-runtime:2.10.0] AndroidManifest.xml:128:13-130:29
226                <action android:name="androidx.work.impl.background.systemalarm.UpdateProxies" />
226-->[androidx.work:work-runtime:2.10.0] AndroidManifest.xml:129:17-98
226-->[androidx.work:work-runtime:2.10.0] AndroidManifest.xml:129:25-95
227            </intent-filter>
228        </receiver>
229        <receiver
229-->[androidx.work:work-runtime:2.10.0] AndroidManifest.xml:132:9-142:20
230            android:name="androidx.work.impl.diagnostics.DiagnosticsReceiver"
230-->[androidx.work:work-runtime:2.10.0] AndroidManifest.xml:133:13-78
231            android:directBootAware="false"
231-->[androidx.work:work-runtime:2.10.0] AndroidManifest.xml:134:13-44
232            android:enabled="true"
232-->[androidx.work:work-runtime:2.10.0] AndroidManifest.xml:135:13-35
233            android:exported="true"
233-->[androidx.work:work-runtime:2.10.0] AndroidManifest.xml:136:13-36
234            android:permission="android.permission.DUMP" >
234-->[androidx.work:work-runtime:2.10.0] AndroidManifest.xml:137:13-57
235            <intent-filter>
235-->[androidx.work:work-runtime:2.10.0] AndroidManifest.xml:139:13-141:29
236                <action android:name="androidx.work.diagnostics.REQUEST_DIAGNOSTICS" />
236-->[androidx.work:work-runtime:2.10.0] AndroidManifest.xml:140:17-88
236-->[androidx.work:work-runtime:2.10.0] AndroidManifest.xml:140:25-85
237            </intent-filter>
238        </receiver>
239        <receiver
239-->[com.google.firebase:firebase-messaging:24.1.0] AndroidManifest.xml:29:9-40:20
240            android:name="com.google.firebase.iid.FirebaseInstanceIdReceiver"
240-->[com.google.firebase:firebase-messaging:24.1.0] AndroidManifest.xml:30:13-78
241            android:exported="true"
241-->[com.google.firebase:firebase-messaging:24.1.0] AndroidManifest.xml:31:13-36
242            android:permission="com.google.android.c2dm.permission.SEND" >
242-->[com.google.firebase:firebase-messaging:24.1.0] AndroidManifest.xml:32:13-73
243            <intent-filter>
243-->[com.google.firebase:firebase-messaging:24.1.0] AndroidManifest.xml:33:13-35:29
244                <action android:name="com.google.android.c2dm.intent.RECEIVE" />
244-->[com.google.firebase:firebase-messaging:24.1.0] AndroidManifest.xml:34:17-81
244-->[com.google.firebase:firebase-messaging:24.1.0] AndroidManifest.xml:34:25-78
245            </intent-filter>
246
247            <meta-data
247-->[com.google.firebase:firebase-messaging:24.1.0] AndroidManifest.xml:37:13-39:40
248                android:name="com.google.android.gms.cloudmessaging.FINISHED_AFTER_HANDLED"
248-->[com.google.firebase:firebase-messaging:24.1.0] AndroidManifest.xml:38:17-92
249                android:value="true" />
249-->[com.google.firebase:firebase-messaging:24.1.0] AndroidManifest.xml:39:17-37
250        </receiver>
251        <!--
252             FirebaseMessagingService performs security checks at runtime,
253             but set to not exported to explicitly avoid allowing another app to call it.
254        -->
255        <service
255-->[com.google.firebase:firebase-messaging:24.1.0] AndroidManifest.xml:46:9-53:19
256            android:name="com.google.firebase.messaging.FirebaseMessagingService"
256-->[com.google.firebase:firebase-messaging:24.1.0] AndroidManifest.xml:47:13-82
257            android:directBootAware="true"
257-->[com.google.firebase:firebase-messaging:24.1.0] AndroidManifest.xml:48:13-43
258            android:exported="false" >
258-->[com.google.firebase:firebase-messaging:24.1.0] AndroidManifest.xml:49:13-37
259            <intent-filter android:priority="-500" >
259-->src\main\AndroidManifest.xml:77:13-79:29
260                <action android:name="com.google.firebase.MESSAGING_EVENT" />
260-->src\main\AndroidManifest.xml:78:17-78
260-->src\main\AndroidManifest.xml:78:25-75
261            </intent-filter>
262        </service>
263        <service
263-->[com.google.firebase:firebase-messaging:24.1.0] AndroidManifest.xml:54:9-63:19
264            android:name="com.google.firebase.components.ComponentDiscoveryService"
264-->[com.google.firebase:firebase-messaging:24.1.0] AndroidManifest.xml:55:13-84
265            android:directBootAware="true"
265-->[com.google.firebase:firebase-common:21.0.0] AndroidManifest.xml:32:13-43
266            android:exported="false" >
266-->[com.google.firebase:firebase-messaging:24.1.0] AndroidManifest.xml:56:13-37
267            <meta-data
267-->[com.google.firebase:firebase-messaging:24.1.0] AndroidManifest.xml:57:13-59:85
268                android:name="com.google.firebase.components:com.google.firebase.messaging.FirebaseMessagingKtxRegistrar"
268-->[com.google.firebase:firebase-messaging:24.1.0] AndroidManifest.xml:58:17-122
269                android:value="com.google.firebase.components.ComponentRegistrar" />
269-->[com.google.firebase:firebase-messaging:24.1.0] AndroidManifest.xml:59:17-82
270            <meta-data
270-->[com.google.firebase:firebase-messaging:24.1.0] AndroidManifest.xml:60:13-62:85
271                android:name="com.google.firebase.components:com.google.firebase.messaging.FirebaseMessagingRegistrar"
271-->[com.google.firebase:firebase-messaging:24.1.0] AndroidManifest.xml:61:17-119
272                android:value="com.google.firebase.components.ComponentRegistrar" />
272-->[com.google.firebase:firebase-messaging:24.1.0] AndroidManifest.xml:62:17-82
273            <meta-data
273-->[com.google.android.gms:play-services-measurement-api:22.1.2] AndroidManifest.xml:37:13-39:85
274                android:name="com.google.firebase.components:com.google.firebase.analytics.connector.internal.AnalyticsConnectorRegistrar"
274-->[com.google.android.gms:play-services-measurement-api:22.1.2] AndroidManifest.xml:38:17-139
275                android:value="com.google.firebase.components.ComponentRegistrar" />
275-->[com.google.android.gms:play-services-measurement-api:22.1.2] AndroidManifest.xml:39:17-82
276            <meta-data
276-->[com.google.firebase:firebase-installations:18.0.0] AndroidManifest.xml:15:13-17:85
277                android:name="com.google.firebase.components:com.google.firebase.installations.FirebaseInstallationsKtxRegistrar"
277-->[com.google.firebase:firebase-installations:18.0.0] AndroidManifest.xml:16:17-130
278                android:value="com.google.firebase.components.ComponentRegistrar" />